{"contracts\\Dai.sol":{"l":{"10":1},"path":"C:\\Users\\Anupam\\Desktop\\work\\Blockchain\\acceptpayment\\contracts\\Dai.sol","s":{"1":1},"b":{},"f":{"1":3,"2":1},"fnMap":{"1":{"name":"constructor","line":7,"loc":{"start":{"line":7,"column":4},"end":{"line":7,"column":57}}},"2":{"name":"faucet","line":9,"loc":{"start":{"line":9,"column":4},"end":{"line":11,"column":4}}}},"statementMap":{"1":{"start":{"line":10,"column":8},"end":{"line":10,"column":24}}},"branchMap":{}},"contracts\\PaymentProcessor.sol":{"l":{"22":3,"23":3,"30":1,"33":1},"path":"C:\\Users\\Anupam\\Desktop\\work\\Blockchain\\acceptpayment\\contracts\\PaymentProcessor.sol","s":{"1":3,"2":3,"3":1,"4":1},"b":{},"f":{"1":3,"2":1},"fnMap":{"1":{"name":"constructor","line":21,"loc":{"start":{"line":21,"column":4},"end":{"line":24,"column":4}}},"2":{"name":"pay","line":26,"loc":{"start":{"line":26,"column":4},"end":{"line":35,"column":4}}}},"statementMap":{"1":{"start":{"line":22,"column":8},"end":{"line":22,"column":27}},"2":{"start":{"line":23,"column":8},"end":{"line":23,"column":31}},"3":{"start":{"line":30,"column":8},"end":{"line":30,"column":38}},"4":{"start":{"line":33,"column":8},"end":{"line":33,"column":50}}},"branchMap":{}}}