{
"contracts\\Dai.sol":{"l":{"10":0},"path":"C:\\Users\\Anupam\\Desktop\\work\\Blockchain\\acceptpayment\\contracts\\Dai.sol","s":{"1":0},"b":{},"f":{"1":0,"2":0},"fnMap":{"1":{"name":"constructor","line":7,"loc":{"start":{"line":7,"column":4},"end":{"line":7,"column":57}}},"2":{"name":"faucet","line":9,"loc":{"start":{"line":9,"column":4},"end":{"line":11,"column":4}}}},"statementMap":{"1":{"start":{"line":10,"column":8},"end":{"line":10,"column":24}}},"branchMap":{}},
"contracts\\PaymentProcessor.sol":{"l":{"22":0,"23":0,"30":0,"33":0},"path":"C:\\Users\\Anupam\\Desktop\\work\\Blockchain\\acceptpayment\\contracts\\PaymentProcessor.sol","s":{"1":0,"2":0,"3":0,"4":0},"b":{},"f":{"1":0,"2":0},"fnMap":{"1":{"name":"constructor","line":21,"loc":{"start":{"line":21,"column":4},"end":{"line":24,"column":4}}},"2":{"name":"pay","line":26,"loc":{"start":{"line":26,"column":4},"end":{"line":35,"column":4}}}},"statementMap":{"1":{"start":{"line":22,"column":8},"end":{"line":22,"column":27}},"2":{"start":{"line":23,"column":8},"end":{"line":23,"column":31}},"3":{"start":{"line":30,"column":8},"end":{"line":30,"column":38}},"4":{"start":{"line":33,"column":8},"end":{"line":33,"column":50}}},"branchMap":{}}}
